
PLAY [Install and configure single-node Proxmox VE] ****************************

TASK [Gathering Facts] *********************************************************
ok: [pve01]

TASK [lae.proxmox : Gather distribution specific variables] ********************
ok: [pve01]

TASK [lae.proxmox : Ensure pve_cluster_addr0 is in the host facts] *************
ok: [pve01]

TASK [lae.proxmox : Calculate list of SSH addresses] ***************************
ok: [pve01]

TASK [lae.proxmox : Gather package facts] **************************************
ok: [pve01]

TASK [lae.proxmox : Ensure that facts are present for all cluster hosts] *******
skipping: [pve01]

TASK [lae.proxmox : Ensure that group has more than one host to enable PVE clustering] ***
skipping: [pve01]

TASK [lae.proxmox : Ensure this host is in the group specified] ****************
skipping: [pve01]

TASK [lae.proxmox : Create SSH directory for root] *****************************
skipping: [pve01]

TASK [lae.proxmox : Create root SSH key pair for PVE] **************************
skipping: [pve01]

TASK [lae.proxmox : Fetch root SSH public key] *********************************
skipping: [pve01]

TASK [lae.proxmox : Authorize all hosts' root SSH public keys] *****************
skipping: [pve01]

TASK [lae.proxmox : Configure SSH clients for connecting to PVE cluster hosts] ***
skipping: [pve01]

TASK [lae.proxmox : Ensure SSH config directory exists] ************************
skipping: [pve01]

TASK [lae.proxmox : Allow root logins from PVE cluster hosts] ******************
skipping: [pve01]

TASK [lae.proxmox : Remove SSH configuration from main sshd_config if present in favor of config in sshd_config.d] ***
skipping: [pve01]

TASK [lae.proxmox : Enable and start SSH server] *******************************
skipping: [pve01]

TASK [lae.proxmox : Fetch a SSH public key to use for cluster joins] ***********
skipping: [pve01]

TASK [lae.proxmox : Add PVE-provided ciphers to SSH client config] *************
skipping: [pve01]

TASK [lae.proxmox : Run handlers if needed (ssh server reload)] ****************

TASK [lae.proxmox : Enumerate all cluster hosts within the hosts file] *********
skipping: [pve01]

TASK [lae.proxmox : Remove conflicting lines in hosts files] *******************
skipping: [pve01]

TASK [lae.proxmox : Define hostname in /etc/hosts for single-host installations] ***
ok: [pve01]

TASK [lae.proxmox : Ensure gpg is installed] ***********************************
ok: [pve01]

TASK [lae.proxmox : Trust Proxmox' packaging key on Debian < 12] ***************
skipping: [pve01]

TASK [lae.proxmox : Trust Proxmox' packaging key on Debian 12] *****************
ok: [pve01]

TASK [lae.proxmox : Remove os-prober package] **********************************
changed: [pve01]

TASK [lae.proxmox : Remove automatically installed PVE Enterprise repo configuration] ***
ok: [pve01] => (item=deb https://enterprise.proxmox.com/debian bookworm pve-enterprise)
ok: [pve01] => (item=deb https://enterprise.proxmox.com/debian/pve bookworm pve-enterprise)
ok: [pve01] => (item=deb https://enterprise.proxmox.com/debian/ceph-quincy bookworm enterprise)

TASK [lae.proxmox : Add Proxmox repository] ************************************
ok: [pve01]

TASK [lae.proxmox : Add Proxmox Ceph repository] *******************************
skipping: [pve01]

TASK [lae.proxmox : Run apt-get dist-upgrade on repository changes] ************
skipping: [pve01]

TASK [lae.proxmox : Perform system upgrades] ***********************************
ok: [pve01]

TASK [lae.proxmox : Stage packages needed for base PVE installation] ***********
ok: [pve01]

TASK [lae.proxmox : Stage ZFS packages if ZFS is enabled] **********************
skipping: [pve01]

TASK [lae.proxmox : Stage Ceph packages if Ceph is enabled] ********************
skipping: [pve01]

TASK [lae.proxmox : Stage any extra packages the user has specified] ***********
ok: [pve01]

TASK [lae.proxmox : Pin Proxmox kernel to specific version] ********************
skipping: [pve01]

TASK [lae.proxmox : Ensure preferences exist for kernel pinning only if needed] ***
ok: [pve01]

TASK [lae.proxmox : Install Proxmox VE and related packages] *******************
ok: [pve01]

TASK [lae.proxmox : Remove automatically installed PVE Enterprise repo configuration] ***
ok: [pve01] => (item=deb https://enterprise.proxmox.com/debian bookworm pve-enterprise)
ok: [pve01] => (item=deb https://enterprise.proxmox.com/debian/pve bookworm pve-enterprise)
ok: [pve01] => (item=deb https://enterprise.proxmox.com/debian/ceph-quincy bookworm enterprise)

TASK [lae.proxmox : Remove subscription check wrapper function in web UI] ******
ok: [pve01]

TASK [lae.proxmox : Modify vfio IOMMU references and configuration in default grub] ***
skipping: [pve01]

TASK [lae.proxmox : Specify vfio configuration options] ************************
skipping: [pve01]

TASK [lae.proxmox : Blacklist drivers from host] *******************************
skipping: [pve01]

TASK [lae.proxmox : Specify kvm configuration options] *************************
skipping: [pve01]

TASK [lae.proxmox : Enable IOMMU Interrupt Remapping] **************************
skipping: [pve01]

TASK [lae.proxmox : Modify modules list for PCIe Passthrough] ******************
skipping: [pve01]

TASK [lae.proxmox : Modify modules list for GVT-g] *****************************
skipping: [pve01]

TASK [lae.proxmox : Check for kernel update] ***********************************
ok: [pve01]

TASK [lae.proxmox : Reboot for kernel update] **********************************
changed: [pve01]

TASK [lae.proxmox : Collect kernel package information] ************************
ok: [pve01]

TASK [lae.proxmox : Remove old Debian/PVE kernels] *****************************
ok: [pve01]

TASK [lae.proxmox : Unload nmi_watchdog] ***************************************
skipping: [pve01]

TASK [lae.proxmox : Attempt to unload softdog live] ****************************
skipping: [pve01]

TASK [lae.proxmox : Stop watchdog-mux] *****************************************
skipping: [pve01]

TASK [lae.proxmox : Unload softdog] ********************************************
skipping: [pve01]

TASK [lae.proxmox : Disable nmi_watchdog via GRUB config] **********************
skipping: [pve01]

TASK [lae.proxmox : Load ipmi_watchdog module] *********************************
skipping: [pve01]

TASK [lae.proxmox : Configure ipmi_watchdog module to load on boot] ************
skipping: [pve01]

TASK [lae.proxmox : Configure PVE HA Manager to use ipmi_watchdog] *************
skipping: [pve01]

TASK [lae.proxmox : Load ZFS module live] **************************************
skipping: [pve01]

TASK [lae.proxmox : Load ZFS module on init] ***********************************
skipping: [pve01]

TASK [lae.proxmox : Copy ZFS modprobe configuration] ***************************
skipping: [pve01]

TASK [lae.proxmox : Configure email address for ZFS event daemon notifications] ***
skipping: [pve01]

TASK [lae.proxmox : HOOK - Run ZFS post-install hook tasks] ********************
skipping: [pve01]

TASK [lae.proxmox : Remove ZFS modprobe configuration] *************************
ok: [pve01]

TASK [lae.proxmox : Disable loading of ZFS module on init] *********************
ok: [pve01]

TASK [lae.proxmox : ensure valid watchdog] *************************************
ok: [pve01]

TASK [lae.proxmox : Re-enable nmi_watchdog via GRUB config] ********************
ok: [pve01]

TASK [lae.proxmox : Remove ipmi_watchdog modprobe configuration] ***************
ok: [pve01]

TASK [lae.proxmox : Load watchdog driver] **************************************
ok: [pve01]

TASK [lae.proxmox : Set PVE HA Manager watchdog to the configured driver] ******
ok: [pve01]

TASK [lae.proxmox : Modify vfio IOMMU references and configuration in default grub] ***
ok: [pve01]

TASK [lae.proxmox : Remove vfio config file] ***********************************
changed: [pve01]

TASK [lae.proxmox : Remove driver blacklist config file] ***********************
ok: [pve01]

TASK [lae.proxmox : Remove kvm config file] ************************************
ok: [pve01]

TASK [lae.proxmox : Disable declaring IOMMU unsafe interrupts on init] *********
ok: [pve01]

TASK [lae.proxmox : Remove modules list for GVT-g] *****************************
ok: [pve01]

TASK [lae.proxmox : Remove modules list required for PCI passthrough] **********
ok: [pve01]

TASK [lae.proxmox : Lookup cluster information] ********************************
skipping: [pve01]

TASK [lae.proxmox : Identify if the host is already part of a cluster] *********
skipping: [pve01]

TASK [lae.proxmox : Identify all clusters that the hosts in the specified group may be in] ***
skipping: [pve01]

TASK [lae.proxmox : Ensure that hosts found are not in multiple existing clusters] ***
skipping: [pve01]

TASK [lae.proxmox : Ensure that, if we find an existing cluster, that it matches the specified cluster name] ***
skipping: [pve01]

TASK [lae.proxmox : Default initialization node is the first node of pve_group] ***
skipping: [pve01]

TASK [lae.proxmox : Find any active node in an already initialized Proxmox cluster] ***
skipping: [pve01]

TASK [lae.proxmox : Initialize a Proxmox cluster] ******************************
skipping: [pve01]

TASK [lae.proxmox : Wait for quorum on initialization node] ********************
skipping: [pve01]

TASK [lae.proxmox : include_tasks] *********************************************
skipping: [pve01]

TASK [lae.proxmox : Check for PVE cluster HA groups] ***************************
skipping: [pve01]

TASK [lae.proxmox : Create PVE cluster HA groups] ******************************
skipping: [pve01]

TASK [lae.proxmox : Update PVE cluster HA groups] ******************************
skipping: [pve01]

TASK [lae.proxmox : Create initial Ceph config] ********************************
skipping: [pve01]

TASK [lae.proxmox : Create initial Ceph monitor] *******************************
skipping: [pve01]

TASK [lae.proxmox : Fail if initial monitor creation failed] *******************
skipping: [pve01]

TASK [lae.proxmox : Create additional Ceph monitors] ***************************
skipping: [pve01]

TASK [lae.proxmox : Create additional Ceph managers] ***************************
skipping: [pve01]

TASK [lae.proxmox : Query for existing Ceph volumes] ***************************
skipping: [pve01]

TASK [lae.proxmox : Generate a list of active OSDs] ****************************
skipping: [pve01]

TASK [lae.proxmox : Generate list of unprovisioned OSDs] ***********************
skipping: [pve01]

TASK [lae.proxmox : Create Ceph OSDs] ******************************************
skipping: [pve01]

TASK [lae.proxmox : List Ceph CRUSH rules] *************************************
skipping: [pve01]

TASK [lae.proxmox : Create Ceph CRUSH rules] ***********************************
skipping: [pve01]

TASK [lae.proxmox : Download and decompress crushmap] **************************
skipping: [pve01] => (item=ceph osd getcrushmap -o crush_map_compressed) 
skipping: [pve01] => (item=crushtool -d crush_map_compressed -o crush_map_decompressed) 
skipping: [pve01]

TASK [lae.proxmox : Modify local crushmap for rules that should be updated] ****
skipping: [pve01]

TASK [lae.proxmox : Validate and compress new crushmap] ************************
skipping: [pve01]

TASK [lae.proxmox : Upload new crushmap] ***************************************
skipping: [pve01] => (item=ceph osd setcrushmap -i new_crush_map_compressed) 
skipping: [pve01]

TASK [lae.proxmox : Cleanup temp files from generating new crushmap] ***********
skipping: [pve01] => (item=crush_map_compressed) 
skipping: [pve01] => (item=crush_map_decompressed) 
skipping: [pve01] => (item=new_crush_map_compressed) 
skipping: [pve01]

TASK [lae.proxmox : List Ceph Pools] *******************************************
skipping: [pve01]

TASK [lae.proxmox : Create Ceph Pools] *****************************************
skipping: [pve01]

TASK [lae.proxmox : Create Ceph MDS servers] ***********************************
skipping: [pve01]

TASK [lae.proxmox : Wait for standby MDS] **************************************
skipping: [pve01]

TASK [lae.proxmox : List Ceph Filesystems] *************************************
skipping: [pve01]

TASK [lae.proxmox : Create Ceph Filesystems] ***********************************
skipping: [pve01]

TASK [lae.proxmox : Get Ceph Filesystem pool CRUSH rules] **********************
skipping: [pve01]

TASK [lae.proxmox : Set Ceph Filesystem pool CRUSH rules] **********************
skipping: [pve01]

TASK [lae.proxmox : Create Ceph filesystem key] ********************************
skipping: [pve01]

TASK [lae.proxmox : Fetch Ceph filesystem key] *********************************
skipping: [pve01]

TASK [lae.proxmox : Save Ceph filesystem key] **********************************
skipping: [pve01]

TASK [lae.proxmox : Mount Ceph filesystems] ************************************
skipping: [pve01]

TASK [lae.proxmox : Configure Proxmox pools] ***********************************
skipping: [pve01]

TASK [lae.proxmox : Configure Proxmox roles] ***********************************
skipping: [pve01]

TASK [lae.proxmox : Configure Proxmox groups] **********************************
skipping: [pve01]

TASK [lae.proxmox : Configure Proxmox user accounts] ***************************
skipping: [pve01]

TASK [lae.proxmox : Check domains.cfg exists] **********************************
skipping: [pve01]

TASK [lae.proxmox : Create domains.cfg if it does not exist] *******************
skipping: [pve01]

TASK [lae.proxmox : Configure domains.cfg] *************************************
skipping: [pve01]

TASK [lae.proxmox : Select ldap-based realms with bind_password] ***************
skipping: [pve01]

TASK [lae.proxmox : Ensure /etc/pve/priv/realm/ exists] ************************
skipping: [pve01]

TASK [lae.proxmox : Ensure ldap-based realm secret files exists] ***************
skipping: [pve01]

TASK [lae.proxmox : Update ldap-based realm secret files] **********************
skipping: [pve01]

TASK [lae.proxmox : Select ldap-based realms with sync] ************************
ok: [pve01]

TASK [lae.proxmox : Sync ldap-based realms] ************************************
skipping: [pve01]

TASK [lae.proxmox : Configure Proxmox ACLs] ************************************
skipping: [pve01]

TASK [lae.proxmox : Create ZFS Pools] ******************************************
skipping: [pve01] => (item={'name': 'local-lvm-thin', 'type': 'lvmthin', 'content': ['images', 'rootdir'], 'thinpool': 'data', 'vgname': 'pve', 'nodes': ['pve01']}) 
skipping: [pve01]

TASK [lae.proxmox : Create ZFS Volumes specified by user] **********************
skipping: [pve01]

TASK [lae.proxmox : Configure Proxmox Storage] *********************************
ok: [pve01] => (item={'name': 'local-lvm-thin', 'type': 'lvmthin', 'content': ['images', 'rootdir'], 'thinpool': 'data', 'vgname': 'pve', 'nodes': ['pve01']})

TASK [lae.proxmox : Check datacenter.cfg exists] *******************************
skipping: [pve01]

TASK [lae.proxmox : Create datacenter.cfg if it does not exist] ****************
skipping: [pve01]

TASK [lae.proxmox : Configure datacenter.cfg] **********************************
skipping: [pve01]

TASK [lae.proxmox : Add metric servers] ****************************************
skipping: [pve01]

TASK [lae.proxmox : Copy PVE SSL certificate chain and key to /etc/ssl] ********
skipping: [pve01]

TASK [lae.proxmox : Install PVE SSL certificate chain and key] *****************
skipping: [pve01] => (item={'src': '/etc/ssl/pveproxy-ssl.key', 'dest': '/etc/pve/local/pveproxy-ssl.key'}) 
skipping: [pve01] => (item={'src': '/etc/ssl/pveproxy-ssl.pem', 'dest': '/etc/pve/local/pveproxy-ssl.pem'}) 
skipping: [pve01]

TASK [Ensure IOMMU is enabled in GRUB] *****************************************
ok: [pve01]

TASK [Configure VFIO modules] **************************************************
ok: [pve01]

TASK [Blacklist GPU drivers] ***************************************************
ok: [pve01]

TASK [Create VFIO PCI device configuration] ************************************
changed: [pve01]

TASK [Update initramfs] ********************************************************
changed: [pve01]

RUNNING HANDLER [lae.proxmox : update-initramfs] *******************************
changed: [pve01]

RUNNING HANDLER [restart host] *************************************************
changed: [pve01]

PLAY RECAP *********************************************************************
pve01                      : ok=45   changed=7    unreachable=0    failed=0    skipped=104  rescued=0    ignored=0   

